<?xml version="1.0" encoding="UTF-8"?>
<testsuites>
  <testsuite name="/var/www/html/phpunit.xml" tests="33" assertions="96" errors="0" failures="0" skipped="0" time="4.119949">
    <testsuite name="Unit" tests="33" assertions="96" errors="0" failures="0" skipped="0" time="4.119949">
      <testsuite name="Tests\Unit\IngredientBusinessLogicTest" file="tests/Unit/IngredientBusinessLogicTest.php" tests="18" assertions="48" errors="0" failures="0" skipped="0" time="3.883904">
        <testcase name="`Ingredient Business Rules` → it enforces protein category business rules" file="tests/Unit/IngredientBusinessLogicTest.php::`Ingredient Business Rules` → it enforces protein category business rules" class="Tests\Unit\IngredientBusinessLogicTest" classname="Tests.Unit.IngredientBusinessLogicTest" assertions="2" time="3.645757"/>
        <testcase name="`Ingredient Portion Management` → it provides category-specific standard multipliers" file="tests/Unit/IngredientBusinessLogicTest.php::`Ingredient Portion Management` → it provides category-specific standard multipliers" class="Tests\Unit\IngredientBusinessLogicTest" classname="Tests.Unit.IngredientBusinessLogicTest" assertions="5" time="0.013982"/>
        <testcase name="`Ingredient Portion Management` → it calculates portion weight accurately based on multiplier" file="tests/Unit/IngredientBusinessLogicTest.php::`Ingredient Portion Management` → it calculates portion weight accurately based on multiplier" class="Tests\Unit\IngredientBusinessLogicTest" classname="Tests.Unit.IngredientBusinessLogicTest" assertions="3" time="0.016488"/>
        <testcase name="`Ingredient Cost Calculations` → it calculates portion-based costs" file="tests/Unit/IngredientBusinessLogicTest.php::`Ingredient Cost Calculations` → it calculates portion-based costs" class="Tests\Unit\IngredientBusinessLogicTest" classname="Tests.Unit.IngredientBusinessLogicTest" assertions="2" time="0.014733"/>
        <testcase name="`Ingredient Category Validation` → it returns appropriate max portion size by category" file="tests/Unit/IngredientBusinessLogicTest.php::`Ingredient Category Validation` → it returns appropriate max portion size by category" class="Tests\Unit\IngredientBusinessLogicTest" classname="Tests.Unit.IngredientBusinessLogicTest" assertions="3" time="0.020905"/>
        <testcase name="`Ingredient Nutritional Information` → it checks dietary restrictions compliance" file="tests/Unit/IngredientBusinessLogicTest.php::`Ingredient Nutritional Information` → it checks dietary restrictions compliance" class="Tests\Unit\IngredientBusinessLogicTest" classname="Tests.Unit.IngredientBusinessLogicTest" assertions="3" time="0.012278"/>
        <testcase name="`Ingredient Cost Calculations` → it provides cost per serving with correct precision" file="tests/Unit/IngredientBusinessLogicTest.php::`Ingredient Cost Calculations` → it provides cost per serving with correct precision" class="Tests\Unit\IngredientBusinessLogicTest" classname="Tests.Unit.IngredientBusinessLogicTest" assertions="1" time="0.012456"/>
        <testcase name="`Ingredient Cost Calculations` → it calculates base cost for standard ingredients" file="tests/Unit/IngredientBusinessLogicTest.php::`Ingredient Cost Calculations` → it calculates base cost for standard ingredients" class="Tests\Unit\IngredientBusinessLogicTest" classname="Tests.Unit.IngredientBusinessLogicTest" assertions="1" time="0.011041"/>
        <testcase name="`Ingredient Category Validation` → it validates portion size limits per category" file="tests/Unit/IngredientBusinessLogicTest.php::`Ingredient Category Validation` → it validates portion size limits per category" class="Tests\Unit\IngredientBusinessLogicTest" classname="Tests.Unit.IngredientBusinessLogicTest" assertions="4" time="0.011191"/>
        <testcase name="`Ingredient Cost Calculations` → it applies premium pricing multiplier" file="tests/Unit/IngredientBusinessLogicTest.php::`Ingredient Cost Calculations` → it applies premium pricing multiplier" class="Tests\Unit\IngredientBusinessLogicTest" classname="Tests.Unit.IngredientBusinessLogicTest" assertions="1" time="0.010501"/>
        <testcase name="`Ingredient Business Rules` → it enforces salsa category business rules" file="tests/Unit/IngredientBusinessLogicTest.php::`Ingredient Business Rules` → it enforces salsa category business rules" class="Tests\Unit\IngredientBusinessLogicTest" classname="Tests.Unit.IngredientBusinessLogicTest" assertions="2" time="0.015330"/>
        <testcase name="`Ingredient Nutritional Information` → it identifies allergen concerns" file="tests/Unit/IngredientBusinessLogicTest.php::`Ingredient Nutritional Information` → it identifies allergen concerns" class="Tests\Unit\IngredientBusinessLogicTest" classname="Tests.Unit.IngredientBusinessLogicTest" assertions="3" time="0.013956"/>
        <testcase name="`Ingredient Portion Management` → it calculates portion calories correctly" file="tests/Unit/IngredientBusinessLogicTest.php::`Ingredient Portion Management` → it calculates portion calories correctly" class="Tests\Unit\IngredientBusinessLogicTest" classname="Tests.Unit.IngredientBusinessLogicTest" assertions="3" time="0.013436"/>
        <testcase name="`Ingredient Portion Management` → it validates portion multipliers within business rules" file="tests/Unit/IngredientBusinessLogicTest.php::`Ingredient Portion Management` → it validates portion multipliers within business rules" class="Tests\Unit\IngredientBusinessLogicTest" classname="Tests.Unit.IngredientBusinessLogicTest" assertions="5" time="0.016564"/>
        <testcase name="`Ingredient Availability Logic` → it checks availability based on active status" file="tests/Unit/IngredientBusinessLogicTest.php::`Ingredient Availability Logic` → it checks availability based on active status" class="Tests\Unit\IngredientBusinessLogicTest" classname="Tests.Unit.IngredientBusinessLogicTest" assertions="2" time="0.014565"/>
        <testcase name="`Ingredient Availability Logic` → it provides availability status with reasons" file="tests/Unit/IngredientBusinessLogicTest.php::`Ingredient Availability Logic` → it provides availability status with reasons" class="Tests\Unit\IngredientBusinessLogicTest" classname="Tests.Unit.IngredientBusinessLogicTest" assertions="2" time="0.014077"/>
        <testcase name="`Ingredient Nutritional Information` → it provides nutritional facts per standard serving" file="tests/Unit/IngredientBusinessLogicTest.php::`Ingredient Nutritional Information` → it provides nutritional facts per standard serving" class="Tests\Unit\IngredientBusinessLogicTest" classname="Tests.Unit.IngredientBusinessLogicTest" assertions="4" time="0.014354"/>
        <testcase name="`Ingredient Business Rules` → it provides category description and usage guidelines" file="tests/Unit/IngredientBusinessLogicTest.php::`Ingredient Business Rules` → it provides category description and usage guidelines" class="Tests\Unit\IngredientBusinessLogicTest" classname="Tests.Unit.IngredientBusinessLogicTest" assertions="2" time="0.012292"/>
      </testsuite>
      <testsuite name="Tests\Unit\TddSetupTest" file="Tdd Setup (Tests\Unit\TddSetup)" tests="15" assertions="48" errors="0" failures="0" skipped="0" time="0.236045">
        <testcase name="Weekend business logic helper" file="Tdd Setup (Tests\Unit\TddSetup)::Weekend business logic helper" class="Tests\Unit\TddSetupTest" classname="Tests.Unit.TddSetupTest" assertions="2" time="0.018444"/>
        <testcase name="Burrito business constants are set" file="Tdd Setup (Tests\Unit\TddSetup)::Burrito business constants are set" class="Tests\Unit\TddSetupTest" classname="Tests.Unit.TddSetupTest" assertions="3" time="0.013202"/>
        <testcase name="Php version meets requirements" file="Tdd Setup (Tests\Unit\TddSetup)::Php version meets requirements" class="Tests\Unit\TddSetupTest" classname="Tests.Unit.TddSetupTest" assertions="2" time="0.014949"/>
        <testcase name="Ingredient category enum is available" file="Tdd Setup (Tests\Unit\TddSetup)::Ingredient category enum is available" class="Tests\Unit\TddSetupTest" classname="Tests.Unit.TddSetupTest" assertions="3" time="0.016990"/>
        <testcase name="Test factories are working" file="Tdd Setup (Tests\Unit\TddSetup)::Test factories are working" class="Tests\Unit\TddSetupTest" classname="Tests.Unit.TddSetupTest" assertions="7" time="0.045422"/>
        <testcase name="Carbon date library is working" file="Tdd Setup (Tests\Unit\TddSetup)::Carbon date library is working" class="Tests\Unit\TddSetupTest" classname="Tests.Unit.TddSetupTest" assertions="2" time="0.013802"/>
        <testcase name="Pest expectations are working" file="Tdd Setup (Tests\Unit\TddSetup)::Pest expectations are working" class="Tests\Unit\TddSetupTest" classname="Tests.Unit.TddSetupTest" assertions="3" time="0.013915"/>
        <testcase name="Timezone is configured for arizona" file="Tdd Setup (Tests\Unit\TddSetup)::Timezone is configured for arizona" class="Tests\Unit\TddSetupTest" classname="Tests.Unit.TddSetupTest" assertions="2" time="0.012959"/>
        <testcase name="Laravel framework is loaded" file="Tdd Setup (Tests\Unit\TddSetup)::Laravel framework is loaded" class="Tests\Unit\TddSetupTest" classname="Tests.Unit.TddSetupTest" assertions="1" time="0.012453"/>
        <testcase name="Database connection is working" file="Tdd Setup (Tests\Unit\TddSetup)::Database connection is working" class="Tests\Unit\TddSetupTest" classname="Tests.Unit.TddSetupTest" assertions="3" time="0.012113"/>
        <testcase name="Custom expectations are loaded" file="Tdd Setup (Tests\Unit\TddSetup)::Custom expectations are loaded" class="Tests\Unit\TddSetupTest" classname="Tests.Unit.TddSetupTest" assertions="9" time="0.011710"/>
        <testcase name="Performance helpers are available" file="Tdd Setup (Tests\Unit\TddSetup)::Performance helpers are available" class="Tests\Unit\TddSetupTest" classname="Tests.Unit.TddSetupTest" assertions="3" time="0.011381"/>
        <testcase name="Mobile testing data is available" file="Tdd Setup (Tests\Unit\TddSetup)::Mobile testing data is available" class="Tests\Unit\TddSetupTest" classname="Tests.Unit.TddSetupTest" assertions="5" time="0.012522"/>
        <testcase name="Tdd workflow is ready" file="Tdd Setup (Tests\Unit\TddSetup)::Tdd workflow is ready" class="Tests\Unit\TddSetupTest" classname="Tests.Unit.TddSetupTest" assertions="1" time="0.012223"/>
        <testcase name="Feature flags are configured" file="Tdd Setup (Tests\Unit\TddSetup)::Feature flags are configured" class="Tests\Unit\TddSetupTest" classname="Tests.Unit.TddSetupTest" assertions="2" time="0.013960"/>
      </testsuite>
    </testsuite>
  </testsuite>
</testsuites>
